2016/07/12 15:28:36 [error] [exception.CHttpException.404] exception 'CHttpException' with message 'Unable to resolve the request "gii".' in E:\zhang\framework\web\CWebApplication.php:286
Stack trace:
#0 E:\zhang\framework\web\CWebApplication.php(141): CWebApplication->runController('gii')
#1 E:\zhang\framework\base\CApplication.php(185): CWebApplication->processRequest()
#2 E:\zhang\admin\index.php(13): CApplication->run()
#3 {main}
REQUEST_URI=/index.php?r=gii
---
2016/07/12 15:28:38 [error] [exception.CHttpException.404] exception 'CHttpException' with message 'Unable to resolve the request "gii".' in E:\zhang\framework\web\CWebApplication.php:286
Stack trace:
#0 E:\zhang\framework\web\CWebApplication.php(141): CWebApplication->runController('gii')
#1 E:\zhang\framework\base\CApplication.php(185): CWebApplication->processRequest()
#2 E:\zhang\admin\index.php(13): CApplication->run()
#3 {main}
REQUEST_URI=/index.php?r=gii
---
2016/07/12 15:28:40 [error] [exception.CHttpException.404] exception 'CHttpException' with message 'Unable to resolve the request "gii".' in E:\zhang\framework\web\CWebApplication.php:286
Stack trace:
#0 E:\zhang\framework\web\CWebApplication.php(141): CWebApplication->runController('gii')
#1 E:\zhang\framework\base\CApplication.php(185): CWebApplication->processRequest()
#2 E:\zhang\admin\index.php(13): CApplication->run()
#3 {main}
REQUEST_URI=/index.php?r=gii
---
2016/07/12 15:28:40 [error] [exception.CHttpException.404] exception 'CHttpException' with message 'Unable to resolve the request "gii".' in E:\zhang\framework\web\CWebApplication.php:286
Stack trace:
#0 E:\zhang\framework\web\CWebApplication.php(141): CWebApplication->runController('gii')
#1 E:\zhang\framework\base\CApplication.php(185): CWebApplication->processRequest()
#2 E:\zhang\admin\index.php(13): CApplication->run()
#3 {main}
REQUEST_URI=/index.php?r=gii
---
2016/07/12 15:28:40 [error] [exception.CHttpException.404] exception 'CHttpException' with message 'Unable to resolve the request "gii".' in E:\zhang\framework\web\CWebApplication.php:286
Stack trace:
#0 E:\zhang\framework\web\CWebApplication.php(141): CWebApplication->runController('gii')
#1 E:\zhang\framework\base\CApplication.php(185): CWebApplication->processRequest()
#2 E:\zhang\admin\index.php(13): CApplication->run()
#3 {main}
REQUEST_URI=/index.php?r=gii
---
2016/07/12 15:28:41 [error] [exception.CHttpException.404] exception 'CHttpException' with message 'Unable to resolve the request "gii".' in E:\zhang\framework\web\CWebApplication.php:286
Stack trace:
#0 E:\zhang\framework\web\CWebApplication.php(141): CWebApplication->runController('gii')
#1 E:\zhang\framework\base\CApplication.php(185): CWebApplication->processRequest()
#2 E:\zhang\admin\index.php(13): CApplication->run()
#3 {main}
REQUEST_URI=/index.php?r=gii
---
2016/07/12 15:28:41 [error] [exception.CHttpException.404] exception 'CHttpException' with message 'Unable to resolve the request "gii".' in E:\zhang\framework\web\CWebApplication.php:286
Stack trace:
#0 E:\zhang\framework\web\CWebApplication.php(141): CWebApplication->runController('gii')
#1 E:\zhang\framework\base\CApplication.php(185): CWebApplication->processRequest()
#2 E:\zhang\admin\index.php(13): CApplication->run()
#3 {main}
REQUEST_URI=/index.php?r=gii
---
2016/07/12 15:28:41 [error] [exception.CHttpException.404] exception 'CHttpException' with message 'Unable to resolve the request "gii".' in E:\zhang\framework\web\CWebApplication.php:286
Stack trace:
#0 E:\zhang\framework\web\CWebApplication.php(141): CWebApplication->runController('gii')
#1 E:\zhang\framework\base\CApplication.php(185): CWebApplication->processRequest()
#2 E:\zhang\admin\index.php(13): CApplication->run()
#3 {main}
REQUEST_URI=/index.php?r=gii
---
2016/07/12 15:28:42 [error] [exception.CHttpException.404] exception 'CHttpException' with message 'Unable to resolve the request "gii".' in E:\zhang\framework\web\CWebApplication.php:286
Stack trace:
#0 E:\zhang\framework\web\CWebApplication.php(141): CWebApplication->runController('gii')
#1 E:\zhang\framework\base\CApplication.php(185): CWebApplication->processRequest()
#2 E:\zhang\admin\index.php(13): CApplication->run()
#3 {main}
REQUEST_URI=/index.php?r=gii
---
2016/07/12 15:28:42 [error] [exception.CHttpException.404] exception 'CHttpException' with message 'Unable to resolve the request "gii".' in E:\zhang\framework\web\CWebApplication.php:286
Stack trace:
#0 E:\zhang\framework\web\CWebApplication.php(141): CWebApplication->runController('gii')
#1 E:\zhang\framework\base\CApplication.php(185): CWebApplication->processRequest()
#2 E:\zhang\admin\index.php(13): CApplication->run()
#3 {main}
REQUEST_URI=/index.php?r=gii
---
2016/07/12 15:29:11 [error] [exception.CHttpException.404] exception 'CHttpException' with message 'Unable to resolve the request "gii".' in E:\zhang\framework\web\CWebApplication.php:286
Stack trace:
#0 E:\zhang\framework\web\CWebApplication.php(141): CWebApplication->runController('gii')
#1 E:\zhang\framework\base\CApplication.php(185): CWebApplication->processRequest()
#2 E:\zhang\admin\index.php(13): CApplication->run()
#3 {main}
REQUEST_URI=/index.php?r=gii
---
2016/07/12 15:29:51 [error] [exception.CHttpException.404] exception 'CHttpException' with message 'Unable to resolve the request "gii".' in E:\zhang\framework\web\CWebApplication.php:286
Stack trace:
#0 E:\zhang\framework\web\CWebApplication.php(141): CWebApplication->runController('gii')
#1 E:\zhang\framework\base\CApplication.php(185): CWebApplication->processRequest()
#2 E:\zhang\admin\index.php(13): CApplication->run()
#3 {main}
REQUEST_URI=/index.php?r=gii
---
2016/07/12 15:30:40 [error] [exception.CHttpException.404] exception 'CHttpException' with message 'Unable to resolve the request "gii".' in E:\zhang\framework\web\CWebApplication.php:286
Stack trace:
#0 E:\zhang\framework\web\CWebApplication.php(141): CWebApplication->runController('gii')
#1 E:\zhang\framework\base\CApplication.php(185): CWebApplication->processRequest()
#2 E:\zhang\admin\index.php(13): CApplication->run()
#3 {main}
REQUEST_URI=/index.php?r=gii
---
2016/07/12 15:30:40 [error] [exception.CHttpException.404] exception 'CHttpException' with message 'Unable to resolve the request "gii".' in E:\zhang\framework\web\CWebApplication.php:286
Stack trace:
#0 E:\zhang\framework\web\CWebApplication.php(141): CWebApplication->runController('gii')
#1 E:\zhang\framework\base\CApplication.php(185): CWebApplication->processRequest()
#2 E:\zhang\admin\index.php(13): CApplication->run()
#3 {main}
REQUEST_URI=/index.php?r=gii
---
2016/07/12 15:30:41 [error] [exception.CHttpException.404] exception 'CHttpException' with message 'Unable to resolve the request "gii".' in E:\zhang\framework\web\CWebApplication.php:286
Stack trace:
#0 E:\zhang\framework\web\CWebApplication.php(141): CWebApplication->runController('gii')
#1 E:\zhang\framework\base\CApplication.php(185): CWebApplication->processRequest()
#2 E:\zhang\admin\index.php(13): CApplication->run()
#3 {main}
REQUEST_URI=/index.php?r=gii
---
2016/07/12 15:30:41 [error] [exception.CHttpException.404] exception 'CHttpException' with message 'Unable to resolve the request "gii".' in E:\zhang\framework\web\CWebApplication.php:286
Stack trace:
#0 E:\zhang\framework\web\CWebApplication.php(141): CWebApplication->runController('gii')
#1 E:\zhang\framework\base\CApplication.php(185): CWebApplication->processRequest()
#2 E:\zhang\admin\index.php(13): CApplication->run()
#3 {main}
REQUEST_URI=/index.php?r=gii
---
2016/07/12 15:30:41 [error] [exception.CHttpException.404] exception 'CHttpException' with message 'Unable to resolve the request "gii".' in E:\zhang\framework\web\CWebApplication.php:286
Stack trace:
#0 E:\zhang\framework\web\CWebApplication.php(141): CWebApplication->runController('gii')
#1 E:\zhang\framework\base\CApplication.php(185): CWebApplication->processRequest()
#2 E:\zhang\admin\index.php(13): CApplication->run()
#3 {main}
REQUEST_URI=/index.php?r=gii
---
2016/07/12 15:30:41 [error] [exception.CHttpException.404] exception 'CHttpException' with message 'Unable to resolve the request "gii".' in E:\zhang\framework\web\CWebApplication.php:286
Stack trace:
#0 E:\zhang\framework\web\CWebApplication.php(141): CWebApplication->runController('gii')
#1 E:\zhang\framework\base\CApplication.php(185): CWebApplication->processRequest()
#2 E:\zhang\admin\index.php(13): CApplication->run()
#3 {main}
REQUEST_URI=/index.php?r=gii
---
2016/07/12 15:30:42 [error] [exception.CHttpException.404] exception 'CHttpException' with message 'Unable to resolve the request "gii".' in E:\zhang\framework\web\CWebApplication.php:286
Stack trace:
#0 E:\zhang\framework\web\CWebApplication.php(141): CWebApplication->runController('gii')
#1 E:\zhang\framework\base\CApplication.php(185): CWebApplication->processRequest()
#2 E:\zhang\admin\index.php(13): CApplication->run()
#3 {main}
REQUEST_URI=/index.php?r=gii
---
2016/07/12 15:30:42 [error] [exception.CHttpException.404] exception 'CHttpException' with message 'Unable to resolve the request "gii".' in E:\zhang\framework\web\CWebApplication.php:286
Stack trace:
#0 E:\zhang\framework\web\CWebApplication.php(141): CWebApplication->runController('gii')
#1 E:\zhang\framework\base\CApplication.php(185): CWebApplication->processRequest()
#2 E:\zhang\admin\index.php(13): CApplication->run()
#3 {main}
REQUEST_URI=/index.php?r=gii
---
2016/07/12 15:30:42 [error] [exception.CHttpException.404] exception 'CHttpException' with message 'Unable to resolve the request "gii".' in E:\zhang\framework\web\CWebApplication.php:286
Stack trace:
#0 E:\zhang\framework\web\CWebApplication.php(141): CWebApplication->runController('gii')
#1 E:\zhang\framework\base\CApplication.php(185): CWebApplication->processRequest()
#2 E:\zhang\admin\index.php(13): CApplication->run()
#3 {main}
REQUEST_URI=/index.php?r=gii
---
2016/07/12 15:30:42 [error] [exception.CHttpException.404] exception 'CHttpException' with message 'Unable to resolve the request "gii".' in E:\zhang\framework\web\CWebApplication.php:286
Stack trace:
#0 E:\zhang\framework\web\CWebApplication.php(141): CWebApplication->runController('gii')
#1 E:\zhang\framework\base\CApplication.php(185): CWebApplication->processRequest()
#2 E:\zhang\admin\index.php(13): CApplication->run()
#3 {main}
REQUEST_URI=/index.php?r=gii
---
2016/07/12 15:30:42 [error] [exception.CHttpException.404] exception 'CHttpException' with message 'Unable to resolve the request "gii".' in E:\zhang\framework\web\CWebApplication.php:286
Stack trace:
#0 E:\zhang\framework\web\CWebApplication.php(141): CWebApplication->runController('gii')
#1 E:\zhang\framework\base\CApplication.php(185): CWebApplication->processRequest()
#2 E:\zhang\admin\index.php(13): CApplication->run()
#3 {main}
REQUEST_URI=/index.php?r=gii
---
2016/07/12 15:33:55 [error] [exception.CHttpException.404] exception 'CHttpException' with message 'Unable to resolve the request "gii".' in E:\zhang\framework\web\CWebApplication.php:286
Stack trace:
#0 E:\zhang\framework\web\CWebApplication.php(141): CWebApplication->runController('gii')
#1 E:\zhang\framework\base\CApplication.php(185): CWebApplication->processRequest()
#2 E:\zhang\admin\index.php(13): CApplication->run()
#3 {main}
REQUEST_URI=/index.php?r=gii
---
2016/07/12 15:33:56 [error] [exception.CHttpException.404] exception 'CHttpException' with message 'Unable to resolve the request "gii".' in E:\zhang\framework\web\CWebApplication.php:286
Stack trace:
#0 E:\zhang\framework\web\CWebApplication.php(141): CWebApplication->runController('gii')
#1 E:\zhang\framework\base\CApplication.php(185): CWebApplication->processRequest()
#2 E:\zhang\admin\index.php(13): CApplication->run()
#3 {main}
REQUEST_URI=/index.php?r=gii
---
2016/07/12 15:33:56 [error] [exception.CHttpException.404] exception 'CHttpException' with message 'Unable to resolve the request "gii".' in E:\zhang\framework\web\CWebApplication.php:286
Stack trace:
#0 E:\zhang\framework\web\CWebApplication.php(141): CWebApplication->runController('gii')
#1 E:\zhang\framework\base\CApplication.php(185): CWebApplication->processRequest()
#2 E:\zhang\admin\index.php(13): CApplication->run()
#3 {main}
REQUEST_URI=/index.php?r=gii
---
2016/07/12 15:33:57 [error] [exception.CHttpException.404] exception 'CHttpException' with message 'Unable to resolve the request "gii".' in E:\zhang\framework\web\CWebApplication.php:286
Stack trace:
#0 E:\zhang\framework\web\CWebApplication.php(141): CWebApplication->runController('gii')
#1 E:\zhang\framework\base\CApplication.php(185): CWebApplication->processRequest()
#2 E:\zhang\admin\index.php(13): CApplication->run()
#3 {main}
REQUEST_URI=/index.php?r=gii
---
2016/07/12 15:33:57 [error] [exception.CHttpException.404] exception 'CHttpException' with message 'Unable to resolve the request "gii".' in E:\zhang\framework\web\CWebApplication.php:286
Stack trace:
#0 E:\zhang\framework\web\CWebApplication.php(141): CWebApplication->runController('gii')
#1 E:\zhang\framework\base\CApplication.php(185): CWebApplication->processRequest()
#2 E:\zhang\admin\index.php(13): CApplication->run()
#3 {main}
REQUEST_URI=/index.php?r=gii
---
2016/07/12 15:33:57 [error] [exception.CHttpException.404] exception 'CHttpException' with message 'Unable to resolve the request "gii".' in E:\zhang\framework\web\CWebApplication.php:286
Stack trace:
#0 E:\zhang\framework\web\CWebApplication.php(141): CWebApplication->runController('gii')
#1 E:\zhang\framework\base\CApplication.php(185): CWebApplication->processRequest()
#2 E:\zhang\admin\index.php(13): CApplication->run()
#3 {main}
REQUEST_URI=/index.php?r=gii
---
2016/07/12 15:33:57 [error] [exception.CHttpException.404] exception 'CHttpException' with message 'Unable to resolve the request "gii".' in E:\zhang\framework\web\CWebApplication.php:286
Stack trace:
#0 E:\zhang\framework\web\CWebApplication.php(141): CWebApplication->runController('gii')
#1 E:\zhang\framework\base\CApplication.php(185): CWebApplication->processRequest()
#2 E:\zhang\admin\index.php(13): CApplication->run()
#3 {main}
REQUEST_URI=/index.php?r=gii
---
2016/07/12 17:18:59 [error] [exception.CHttpException.404] exception 'CHttpException' with message 'Unable to resolve the request "gii".' in E:\zhang\framework\web\CWebApplication.php:286
Stack trace:
#0 E:\zhang\framework\web\CWebApplication.php(141): CWebApplication->runController('gii')
#1 E:\zhang\framework\base\CApplication.php(185): CWebApplication->processRequest()
#2 E:\zhang\admin\index.php(13): CApplication->run()
#3 {main}
REQUEST_URI=/index.php?r=gii
---
2016/07/12 17:19:00 [error] [exception.CHttpException.404] exception 'CHttpException' with message 'Unable to resolve the request "gii".' in E:\zhang\framework\web\CWebApplication.php:286
Stack trace:
#0 E:\zhang\framework\web\CWebApplication.php(141): CWebApplication->runController('gii')
#1 E:\zhang\framework\base\CApplication.php(185): CWebApplication->processRequest()
#2 E:\zhang\admin\index.php(13): CApplication->run()
#3 {main}
REQUEST_URI=/index.php?r=gii
---
2016/07/12 17:19:00 [error] [exception.CHttpException.404] exception 'CHttpException' with message 'Unable to resolve the request "gii".' in E:\zhang\framework\web\CWebApplication.php:286
Stack trace:
#0 E:\zhang\framework\web\CWebApplication.php(141): CWebApplication->runController('gii')
#1 E:\zhang\framework\base\CApplication.php(185): CWebApplication->processRequest()
#2 E:\zhang\admin\index.php(13): CApplication->run()
#3 {main}
REQUEST_URI=/index.php?r=gii
---
2016/07/12 17:19:00 [error] [exception.CHttpException.404] exception 'CHttpException' with message 'Unable to resolve the request "gii".' in E:\zhang\framework\web\CWebApplication.php:286
Stack trace:
#0 E:\zhang\framework\web\CWebApplication.php(141): CWebApplication->runController('gii')
#1 E:\zhang\framework\base\CApplication.php(185): CWebApplication->processRequest()
#2 E:\zhang\admin\index.php(13): CApplication->run()
#3 {main}
REQUEST_URI=/index.php?r=gii
---
2016/07/12 17:22:14 [error] [exception.CHttpException.404] exception 'CHttpException' with message 'Unable to resolve the request "gii".' in E:\zhang\framework\web\CWebApplication.php:286
Stack trace:
#0 E:\zhang\framework\web\CWebApplication.php(141): CWebApplication->runController('gii')
#1 E:\zhang\framework\base\CApplication.php(185): CWebApplication->processRequest()
#2 E:\zhang\admin\index.php(13): CApplication->run()
#3 {main}
REQUEST_URI=/index.php?r=gii
---
2016/07/12 17:22:14 [error] [exception.CHttpException.404] exception 'CHttpException' with message 'Unable to resolve the request "gii".' in E:\zhang\framework\web\CWebApplication.php:286
Stack trace:
#0 E:\zhang\framework\web\CWebApplication.php(141): CWebApplication->runController('gii')
#1 E:\zhang\framework\base\CApplication.php(185): CWebApplication->processRequest()
#2 E:\zhang\admin\index.php(13): CApplication->run()
#3 {main}
REQUEST_URI=/index.php?r=gii
---
2016/07/12 17:22:15 [error] [exception.CHttpException.404] exception 'CHttpException' with message 'Unable to resolve the request "gii".' in E:\zhang\framework\web\CWebApplication.php:286
Stack trace:
#0 E:\zhang\framework\web\CWebApplication.php(141): CWebApplication->runController('gii')
#1 E:\zhang\framework\base\CApplication.php(185): CWebApplication->processRequest()
#2 E:\zhang\admin\index.php(13): CApplication->run()
#3 {main}
REQUEST_URI=/index.php?r=gii
---
2016/07/12 17:22:15 [error] [exception.CHttpException.404] exception 'CHttpException' with message 'Unable to resolve the request "gii".' in E:\zhang\framework\web\CWebApplication.php:286
Stack trace:
#0 E:\zhang\framework\web\CWebApplication.php(141): CWebApplication->runController('gii')
#1 E:\zhang\framework\base\CApplication.php(185): CWebApplication->processRequest()
#2 E:\zhang\admin\index.php(13): CApplication->run()
#3 {main}
REQUEST_URI=/index.php?r=gii
---
2016/07/12 17:22:28 [error] [exception.CHttpException.404] exception 'CHttpException' with message 'Unable to resolve the request "gii".' in E:\zhang\framework\web\CWebApplication.php:286
Stack trace:
#0 E:\zhang\framework\web\CWebApplication.php(141): CWebApplication->runController('gii')
#1 E:\zhang\framework\base\CApplication.php(185): CWebApplication->processRequest()
#2 E:\zhang\admin\index.php(13): CApplication->run()
#3 {main}
REQUEST_URI=/index.php?r=gii
---
2016/07/12 17:22:29 [error] [exception.CHttpException.404] exception 'CHttpException' with message 'Unable to resolve the request "gii".' in E:\zhang\framework\web\CWebApplication.php:286
Stack trace:
#0 E:\zhang\framework\web\CWebApplication.php(141): CWebApplication->runController('gii')
#1 E:\zhang\framework\base\CApplication.php(185): CWebApplication->processRequest()
#2 E:\zhang\admin\index.php(13): CApplication->run()
#3 {main}
REQUEST_URI=/index.php?r=gii
---
2016/07/12 17:22:29 [error] [exception.CHttpException.404] exception 'CHttpException' with message 'Unable to resolve the request "gii".' in E:\zhang\framework\web\CWebApplication.php:286
Stack trace:
#0 E:\zhang\framework\web\CWebApplication.php(141): CWebApplication->runController('gii')
#1 E:\zhang\framework\base\CApplication.php(185): CWebApplication->processRequest()
#2 E:\zhang\admin\index.php(13): CApplication->run()
#3 {main}
REQUEST_URI=/index.php?r=gii
---
2016/07/12 17:22:30 [error] [exception.CHttpException.404] exception 'CHttpException' with message 'Unable to resolve the request "gii".' in E:\zhang\framework\web\CWebApplication.php:286
Stack trace:
#0 E:\zhang\framework\web\CWebApplication.php(141): CWebApplication->runController('gii')
#1 E:\zhang\framework\base\CApplication.php(185): CWebApplication->processRequest()
#2 E:\zhang\admin\index.php(13): CApplication->run()
#3 {main}
REQUEST_URI=/index.php?r=gii
---
2016/07/12 17:22:30 [error] [exception.CHttpException.404] exception 'CHttpException' with message 'Unable to resolve the request "gii".' in E:\zhang\framework\web\CWebApplication.php:286
Stack trace:
#0 E:\zhang\framework\web\CWebApplication.php(141): CWebApplication->runController('gii')
#1 E:\zhang\framework\base\CApplication.php(185): CWebApplication->processRequest()
#2 E:\zhang\admin\index.php(13): CApplication->run()
#3 {main}
REQUEST_URI=/index.php?r=gii
---
2016/07/12 17:22:30 [error] [exception.CHttpException.404] exception 'CHttpException' with message 'Unable to resolve the request "gii".' in E:\zhang\framework\web\CWebApplication.php:286
Stack trace:
#0 E:\zhang\framework\web\CWebApplication.php(141): CWebApplication->runController('gii')
#1 E:\zhang\framework\base\CApplication.php(185): CWebApplication->processRequest()
#2 E:\zhang\admin\index.php(13): CApplication->run()
#3 {main}
REQUEST_URI=/index.php?r=gii
---
2016/07/12 17:29:34 [error] [exception.CHttpException.404] exception 'CHttpException' with message 'Unable to resolve the request "gii".' in E:\zhang\framework\web\CWebApplication.php:286
Stack trace:
#0 E:\zhang\framework\web\CWebApplication.php(141): CWebApplication->runController('gii')
#1 E:\zhang\framework\base\CApplication.php(185): CWebApplication->processRequest()
#2 E:\zhang\admin\index.php(13): CApplication->run()
#3 {main}
REQUEST_URI=/index.php?r=gii
---
2016/07/12 17:29:52 [error] [exception.CHttpException.404] exception 'CHttpException' with message 'Unable to resolve the request "gii".' in E:\zhang\framework\web\CWebApplication.php:286
Stack trace:
#0 E:\zhang\framework\web\CWebApplication.php(141): CWebApplication->runController('gii')
#1 E:\zhang\framework\base\CApplication.php(185): CWebApplication->processRequest()
#2 E:\zhang\admin\index.php(13): CApplication->run()
#3 {main}
REQUEST_URI=/index.php?r=gii
---
2016/07/12 17:34:09 [error] [exception.CHttpException.404] exception 'CHttpException' with message 'Unable to resolve the request "gii".' in E:\zhang\framework\web\CWebApplication.php:286
Stack trace:
#0 E:\zhang\framework\web\CWebApplication.php(141): CWebApplication->runController('gii')
#1 E:\zhang\framework\base\CApplication.php(185): CWebApplication->processRequest()
#2 E:\zhang\admin\index.php(13): CApplication->run()
#3 {main}
REQUEST_URI=/index.php?r=gii
---
2016/07/12 17:34:10 [error] [exception.CHttpException.404] exception 'CHttpException' with message 'Unable to resolve the request "gii".' in E:\zhang\framework\web\CWebApplication.php:286
Stack trace:
#0 E:\zhang\framework\web\CWebApplication.php(141): CWebApplication->runController('gii')
#1 E:\zhang\framework\base\CApplication.php(185): CWebApplication->processRequest()
#2 E:\zhang\admin\index.php(13): CApplication->run()
#3 {main}
REQUEST_URI=/index.php?r=gii
---
2016/07/12 17:34:11 [error] [exception.CHttpException.404] exception 'CHttpException' with message 'Unable to resolve the request "gii".' in E:\zhang\framework\web\CWebApplication.php:286
Stack trace:
#0 E:\zhang\framework\web\CWebApplication.php(141): CWebApplication->runController('gii')
#1 E:\zhang\framework\base\CApplication.php(185): CWebApplication->processRequest()
#2 E:\zhang\admin\index.php(13): CApplication->run()
#3 {main}
REQUEST_URI=/index.php?r=gii
---
2016/07/12 17:34:11 [error] [exception.CHttpException.404] exception 'CHttpException' with message 'Unable to resolve the request "gii".' in E:\zhang\framework\web\CWebApplication.php:286
Stack trace:
#0 E:\zhang\framework\web\CWebApplication.php(141): CWebApplication->runController('gii')
#1 E:\zhang\framework\base\CApplication.php(185): CWebApplication->processRequest()
#2 E:\zhang\admin\index.php(13): CApplication->run()
#3 {main}
REQUEST_URI=/index.php?r=gii
---
2016/07/12 17:34:52 [error] [exception.CHttpException.404] exception 'CHttpException' with message 'Unable to resolve the request "gii".' in E:\zhang\framework\web\CWebApplication.php:286
Stack trace:
#0 E:\zhang\framework\web\CWebApplication.php(141): CWebApplication->runController('gii')
#1 E:\zhang\framework\base\CApplication.php(185): CWebApplication->processRequest()
#2 E:\zhang\admin\index.php(13): CApplication->run()
#3 {main}
REQUEST_URI=/index.php?r=gii
---
2016/07/12 17:36:00 [error] [exception.CHttpException.404] exception 'CHttpException' with message 'Unable to resolve the request "gii".' in E:\zhang\framework\web\CWebApplication.php:286
Stack trace:
#0 E:\zhang\framework\web\CWebApplication.php(141): CWebApplication->runController('gii')
#1 E:\zhang\framework\base\CApplication.php(185): CWebApplication->processRequest()
#2 E:\zhang\admin\index.php(13): CApplication->run()
#3 {main}
REQUEST_URI=/index.php?r=gii
---
2016/07/12 17:36:00 [error] [exception.CHttpException.404] exception 'CHttpException' with message 'Unable to resolve the request "gii".' in E:\zhang\framework\web\CWebApplication.php:286
Stack trace:
#0 E:\zhang\framework\web\CWebApplication.php(141): CWebApplication->runController('gii')
#1 E:\zhang\framework\base\CApplication.php(185): CWebApplication->processRequest()
#2 E:\zhang\admin\index.php(13): CApplication->run()
#3 {main}
REQUEST_URI=/index.php?r=gii
---
2016/07/12 17:36:00 [error] [exception.CHttpException.404] exception 'CHttpException' with message 'Unable to resolve the request "gii".' in E:\zhang\framework\web\CWebApplication.php:286
Stack trace:
#0 E:\zhang\framework\web\CWebApplication.php(141): CWebApplication->runController('gii')
#1 E:\zhang\framework\base\CApplication.php(185): CWebApplication->processRequest()
#2 E:\zhang\admin\index.php(13): CApplication->run()
#3 {main}
REQUEST_URI=/index.php?r=gii
---
2016/07/12 17:36:01 [error] [exception.CHttpException.404] exception 'CHttpException' with message 'Unable to resolve the request "gii".' in E:\zhang\framework\web\CWebApplication.php:286
Stack trace:
#0 E:\zhang\framework\web\CWebApplication.php(141): CWebApplication->runController('gii')
#1 E:\zhang\framework\base\CApplication.php(185): CWebApplication->processRequest()
#2 E:\zhang\admin\index.php(13): CApplication->run()
#3 {main}
REQUEST_URI=/index.php?r=gii
---
2016/07/12 17:36:01 [error] [exception.CHttpException.404] exception 'CHttpException' with message 'Unable to resolve the request "gii".' in E:\zhang\framework\web\CWebApplication.php:286
Stack trace:
#0 E:\zhang\framework\web\CWebApplication.php(141): CWebApplication->runController('gii')
#1 E:\zhang\framework\base\CApplication.php(185): CWebApplication->processRequest()
#2 E:\zhang\admin\index.php(13): CApplication->run()
#3 {main}
REQUEST_URI=/index.php?r=gii
---
2016/07/12 17:36:01 [error] [exception.CHttpException.404] exception 'CHttpException' with message 'Unable to resolve the request "gii".' in E:\zhang\framework\web\CWebApplication.php:286
Stack trace:
#0 E:\zhang\framework\web\CWebApplication.php(141): CWebApplication->runController('gii')
#1 E:\zhang\framework\base\CApplication.php(185): CWebApplication->processRequest()
#2 E:\zhang\admin\index.php(13): CApplication->run()
#3 {main}
REQUEST_URI=/index.php?r=gii
---
2016/07/12 17:36:01 [error] [exception.CHttpException.404] exception 'CHttpException' with message 'Unable to resolve the request "gii".' in E:\zhang\framework\web\CWebApplication.php:286
Stack trace:
#0 E:\zhang\framework\web\CWebApplication.php(141): CWebApplication->runController('gii')
#1 E:\zhang\framework\base\CApplication.php(185): CWebApplication->processRequest()
#2 E:\zhang\admin\index.php(13): CApplication->run()
#3 {main}
REQUEST_URI=/index.php?r=gii
---
2016/07/12 17:36:01 [error] [exception.CHttpException.404] exception 'CHttpException' with message 'Unable to resolve the request "gii".' in E:\zhang\framework\web\CWebApplication.php:286
Stack trace:
#0 E:\zhang\framework\web\CWebApplication.php(141): CWebApplication->runController('gii')
#1 E:\zhang\framework\base\CApplication.php(185): CWebApplication->processRequest()
#2 E:\zhang\admin\index.php(13): CApplication->run()
#3 {main}
REQUEST_URI=/index.php?r=gii
---
2016/07/12 17:36:02 [error] [exception.CHttpException.404] exception 'CHttpException' with message 'Unable to resolve the request "gii".' in E:\zhang\framework\web\CWebApplication.php:286
Stack trace:
#0 E:\zhang\framework\web\CWebApplication.php(141): CWebApplication->runController('gii')
#1 E:\zhang\framework\base\CApplication.php(185): CWebApplication->processRequest()
#2 E:\zhang\admin\index.php(13): CApplication->run()
#3 {main}
REQUEST_URI=/index.php?r=gii
---
2016/07/12 17:36:02 [error] [exception.CHttpException.404] exception 'CHttpException' with message 'Unable to resolve the request "gii".' in E:\zhang\framework\web\CWebApplication.php:286
Stack trace:
#0 E:\zhang\framework\web\CWebApplication.php(141): CWebApplication->runController('gii')
#1 E:\zhang\framework\base\CApplication.php(185): CWebApplication->processRequest()
#2 E:\zhang\admin\index.php(13): CApplication->run()
#3 {main}
REQUEST_URI=/index.php?r=gii
---
2016/07/12 17:36:02 [error] [exception.CHttpException.404] exception 'CHttpException' with message 'Unable to resolve the request "gii".' in E:\zhang\framework\web\CWebApplication.php:286
Stack trace:
#0 E:\zhang\framework\web\CWebApplication.php(141): CWebApplication->runController('gii')
#1 E:\zhang\framework\base\CApplication.php(185): CWebApplication->processRequest()
#2 E:\zhang\admin\index.php(13): CApplication->run()
#3 {main}
REQUEST_URI=/index.php?r=gii
---
2016/07/12 17:36:02 [error] [exception.CHttpException.404] exception 'CHttpException' with message 'Unable to resolve the request "gii".' in E:\zhang\framework\web\CWebApplication.php:286
Stack trace:
#0 E:\zhang\framework\web\CWebApplication.php(141): CWebApplication->runController('gii')
#1 E:\zhang\framework\base\CApplication.php(185): CWebApplication->processRequest()
#2 E:\zhang\admin\index.php(13): CApplication->run()
#3 {main}
REQUEST_URI=/index.php?r=gii
---
2016/07/12 17:36:02 [error] [exception.CHttpException.404] exception 'CHttpException' with message 'Unable to resolve the request "gii".' in E:\zhang\framework\web\CWebApplication.php:286
Stack trace:
#0 E:\zhang\framework\web\CWebApplication.php(141): CWebApplication->runController('gii')
#1 E:\zhang\framework\base\CApplication.php(185): CWebApplication->processRequest()
#2 E:\zhang\admin\index.php(13): CApplication->run()
#3 {main}
REQUEST_URI=/index.php?r=gii
---
2016/07/12 17:36:02 [error] [exception.CHttpException.404] exception 'CHttpException' with message 'Unable to resolve the request "gii".' in E:\zhang\framework\web\CWebApplication.php:286
Stack trace:
#0 E:\zhang\framework\web\CWebApplication.php(141): CWebApplication->runController('gii')
#1 E:\zhang\framework\base\CApplication.php(185): CWebApplication->processRequest()
#2 E:\zhang\admin\index.php(13): CApplication->run()
#3 {main}
REQUEST_URI=/index.php?r=gii
---
2016/07/12 17:36:02 [error] [exception.CHttpException.404] exception 'CHttpException' with message 'Unable to resolve the request "gii".' in E:\zhang\framework\web\CWebApplication.php:286
Stack trace:
#0 E:\zhang\framework\web\CWebApplication.php(141): CWebApplication->runController('gii')
#1 E:\zhang\framework\base\CApplication.php(185): CWebApplication->processRequest()
#2 E:\zhang\admin\index.php(13): CApplication->run()
#3 {main}
REQUEST_URI=/index.php?r=gii
---
2016/07/12 17:36:02 [error] [exception.CHttpException.404] exception 'CHttpException' with message 'Unable to resolve the request "gii".' in E:\zhang\framework\web\CWebApplication.php:286
Stack trace:
#0 E:\zhang\framework\web\CWebApplication.php(141): CWebApplication->runController('gii')
#1 E:\zhang\framework\base\CApplication.php(185): CWebApplication->processRequest()
#2 E:\zhang\admin\index.php(13): CApplication->run()
#3 {main}
REQUEST_URI=/index.php?r=gii
---
2016/07/12 17:36:02 [error] [exception.CHttpException.404] exception 'CHttpException' with message 'Unable to resolve the request "gii".' in E:\zhang\framework\web\CWebApplication.php:286
Stack trace:
#0 E:\zhang\framework\web\CWebApplication.php(141): CWebApplication->runController('gii')
#1 E:\zhang\framework\base\CApplication.php(185): CWebApplication->processRequest()
#2 E:\zhang\admin\index.php(13): CApplication->run()
#3 {main}
REQUEST_URI=/index.php?r=gii
---
2016/07/12 17:36:02 [error] [exception.CHttpException.404] exception 'CHttpException' with message 'Unable to resolve the request "gii".' in E:\zhang\framework\web\CWebApplication.php:286
Stack trace:
#0 E:\zhang\framework\web\CWebApplication.php(141): CWebApplication->runController('gii')
#1 E:\zhang\framework\base\CApplication.php(185): CWebApplication->processRequest()
#2 E:\zhang\admin\index.php(13): CApplication->run()
#3 {main}
REQUEST_URI=/index.php?r=gii
---
2016/07/12 17:36:02 [error] [exception.CHttpException.404] exception 'CHttpException' with message 'Unable to resolve the request "gii".' in E:\zhang\framework\web\CWebApplication.php:286
Stack trace:
#0 E:\zhang\framework\web\CWebApplication.php(141): CWebApplication->runController('gii')
#1 E:\zhang\framework\base\CApplication.php(185): CWebApplication->processRequest()
#2 E:\zhang\admin\index.php(13): CApplication->run()
#3 {main}
REQUEST_URI=/index.php?r=gii
---
2016/07/12 17:36:02 [error] [exception.CHttpException.404] exception 'CHttpException' with message 'Unable to resolve the request "gii".' in E:\zhang\framework\web\CWebApplication.php:286
Stack trace:
#0 E:\zhang\framework\web\CWebApplication.php(141): CWebApplication->runController('gii')
#1 E:\zhang\framework\base\CApplication.php(185): CWebApplication->processRequest()
#2 E:\zhang\admin\index.php(13): CApplication->run()
#3 {main}
REQUEST_URI=/index.php?r=gii
---
2016/07/12 17:36:02 [error] [exception.CHttpException.404] exception 'CHttpException' with message 'Unable to resolve the request "gii".' in E:\zhang\framework\web\CWebApplication.php:286
Stack trace:
#0 E:\zhang\framework\web\CWebApplication.php(141): CWebApplication->runController('gii')
#1 E:\zhang\framework\base\CApplication.php(185): CWebApplication->processRequest()
#2 E:\zhang\admin\index.php(13): CApplication->run()
#3 {main}
REQUEST_URI=/index.php?r=gii
---
2016/07/12 17:36:02 [error] [exception.CHttpException.404] exception 'CHttpException' with message 'Unable to resolve the request "gii".' in E:\zhang\framework\web\CWebApplication.php:286
Stack trace:
#0 E:\zhang\framework\web\CWebApplication.php(141): CWebApplication->runController('gii')
#1 E:\zhang\framework\base\CApplication.php(185): CWebApplication->processRequest()
#2 E:\zhang\admin\index.php(13): CApplication->run()
#3 {main}
REQUEST_URI=/index.php?r=gii
---
2016/07/12 17:36:02 [error] [exception.CHttpException.404] exception 'CHttpException' with message 'Unable to resolve the request "gii".' in E:\zhang\framework\web\CWebApplication.php:286
Stack trace:
#0 E:\zhang\framework\web\CWebApplication.php(141): CWebApplication->runController('gii')
#1 E:\zhang\framework\base\CApplication.php(185): CWebApplication->processRequest()
#2 E:\zhang\admin\index.php(13): CApplication->run()
#3 {main}
REQUEST_URI=/index.php?r=gii
---
2016/07/13 11:28:06 [error] [exception.CHttpException.404] exception 'CHttpException' with message 'Unable to resolve the request "gii/goods/goods\".' in E:\zhang\framework\web\CWebApplication.php:286
Stack trace:
#0 E:\zhang\framework\web\CWebApplication.php(141): CWebApplication->runController('gii/goods/goods...')
#1 E:\zhang\framework\base\CApplication.php(185): CWebApplication->processRequest()
#2 E:\zhang\admin\index.php(13): CApplication->run()
#3 {main}
REQUEST_URI=/index.php?r=gii/goods/goods\
---
2016/07/13 11:28:13 [error] [exception.CHttpException.404] exception 'CHttpException' with message 'The system is unable to find the requested action "goods".' in E:\zhang\framework\web\CController.php:483
Stack trace:
#0 E:\zhang\framework\web\CController.php(270): CController->missingAction('goods')
#1 E:\zhang\framework\web\CWebApplication.php(282): CController->run('goods')
#2 E:\zhang\framework\web\CWebApplication.php(141): CWebApplication->runController('goods/goods')
#3 E:\zhang\framework\base\CApplication.php(185): CWebApplication->processRequest()
#4 E:\zhang\admin\index.php(13): CApplication->run()
#5 {main}
REQUEST_URI=/index.php?r=goods/goods
---
2016/07/13 11:29:30 [error] [exception.CHttpException.403] exception 'CHttpException' with message 'You are not authorized to perform this action.' in E:\zhang\framework\web\auth\CAccessControlFilter.php:182
Stack trace:
#0 E:\zhang\framework\web\auth\CAccessControlFilter.php(145): CAccessControlFilter->accessDenied(Object(CWebUser), 'You are not aut...')
#1 E:\zhang\framework\web\filters\CFilter.php(38): CAccessControlFilter->preFilter(Object(CFilterChain))
#2 E:\zhang\framework\web\CController.php(1145): CFilter->filter(Object(CFilterChain))
#3 E:\zhang\framework\web\filters\CInlineFilter.php(58): CController->filterAccessControl(Object(CFilterChain))
#4 E:\zhang\framework\web\filters\CFilterChain.php(130): CInlineFilter->filter(Object(CFilterChain))
#5 E:\zhang\framework\web\CController.php(291): CFilterChain->run()
#6 E:\zhang\framework\web\CController.php(265): CController->runActionWithFilters(Object(CInlineAction), Array)
#7 E:\zhang\framework\web\CWebApplication.php(282): CController->run('admin')
#8 E:\zhang\framework\web\CWebApplication.php(141): CWebApplication->runController('goods/admin')
#9 E:\zhang\framework\base\CApplication.php(185): CWebApplication->processRequest()
#10 E:\zhang\admin\index.php(13): CApplication->run()
#11 {main}
REQUEST_URI=/index.php?r=goods/admin
HTTP_REFERER=http://zhangyi.admin.moxi.com/index.php?r=site/login
---
2016/07/13 11:29:40 [error] [exception.CHttpException.403] exception 'CHttpException' with message 'You are not authorized to perform this action.' in E:\zhang\framework\web\auth\CAccessControlFilter.php:182
Stack trace:
#0 E:\zhang\framework\web\auth\CAccessControlFilter.php(145): CAccessControlFilter->accessDenied(Object(CWebUser), 'You are not aut...')
#1 E:\zhang\framework\web\filters\CFilter.php(38): CAccessControlFilter->preFilter(Object(CFilterChain))
#2 E:\zhang\framework\web\CController.php(1145): CFilter->filter(Object(CFilterChain))
#3 E:\zhang\framework\web\filters\CInlineFilter.php(58): CController->filterAccessControl(Object(CFilterChain))
#4 E:\zhang\framework\web\filters\CFilterChain.php(130): CInlineFilter->filter(Object(CFilterChain))
#5 E:\zhang\framework\web\CController.php(291): CFilterChain->run()
#6 E:\zhang\framework\web\CController.php(265): CController->runActionWithFilters(Object(CInlineAction), Array)
#7 E:\zhang\framework\web\CWebApplication.php(282): CController->run('admin')
#8 E:\zhang\framework\web\CWebApplication.php(141): CWebApplication->runController('goods/admin')
#9 E:\zhang\framework\base\CApplication.php(185): CWebApplication->processRequest()
#10 E:\zhang\admin\index.php(13): CApplication->run()
#11 {main}
REQUEST_URI=/index.php?r=goods/admin
HTTP_REFERER=http://zhangyi.admin.moxi.com/index.php?r=goods/create
---
2016/07/15 16:48:05 [error] [exception.CHttpException.404] exception 'CHttpException' with message 'The system is unable to find the requested action "index".' in E:\zhang\framework\web\CController.php:483
Stack trace:
#0 E:\zhang\framework\web\CController.php(270): CController->missingAction('')
#1 E:\zhang\framework\web\CWebApplication.php(282): CController->run('')
#2 E:\zhang\framework\web\CWebApplication.php(141): CWebApplication->runController('goods')
#3 E:\zhang\framework\base\CApplication.php(185): CWebApplication->processRequest()
#4 E:\zhang\admin\index.php(13): CApplication->run()
#5 {main}
REQUEST_URI=/index.php?r=goods
---
2016/07/15 16:48:11 [error] [exception.CException] exception 'CException' with message 'LoginController cannot find the requested view "login".' in E:\zhang\framework\web\CController.php:878
Stack trace:
#0 E:\zhang\framework\web\CController.php(782): CController->renderPartial('login', Array, true)
#1 E:\zhang\admin\protected\controllers\LoginController.php(20): CController->render('login', Array)
#2 E:\zhang\framework\web\actions\CInlineAction.php(49): LoginController->actionLogin()
#3 E:\zhang\framework\web\CController.php(308): CInlineAction->runWithParams(Array)
#4 E:\zhang\framework\web\CController.php(286): CController->runAction(Object(CInlineAction))
#5 E:\zhang\framework\web\CController.php(265): CController->runActionWithFilters(Object(CInlineAction), Array)
#6 E:\zhang\framework\web\CWebApplication.php(282): CController->run('login')
#7 E:\zhang\framework\web\CWebApplication.php(141): CWebApplication->runController('login/login')
#8 E:\zhang\framework\base\CApplication.php(185): CWebApplication->processRequest()
#9 E:\zhang\admin\index.php(13): CApplication->run()
#10 {main}
REQUEST_URI=/index.php?r=login/login
---
2016/07/15 16:54:53 [error] [exception.CHttpException.404] exception 'CHttpException' with message 'Unable to resolve the request "/index/index".' in E:\zhang\framework\web\CWebApplication.php:286
Stack trace:
#0 E:\zhang\framework\web\CWebApplication.php(141): CWebApplication->runController('')
#1 E:\zhang\framework\base\CApplication.php(185): CWebApplication->processRequest()
#2 E:\zhang\admin\index.php(13): CApplication->run()
#3 {main}
REQUEST_URI=/index.php?r=login/login
---
2016/07/15 16:54:54 [error] [exception.CHttpException.404] exception 'CHttpException' with message 'Unable to resolve the request "/index/index".' in E:\zhang\framework\web\CWebApplication.php:286
Stack trace:
#0 E:\zhang\framework\web\CWebApplication.php(141): CWebApplication->runController('')
#1 E:\zhang\framework\base\CApplication.php(185): CWebApplication->processRequest()
#2 E:\zhang\admin\index.php(13): CApplication->run()
#3 {main}
REQUEST_URI=/index.php?r=login/login
---
2016/07/15 16:54:54 [error] [exception.CHttpException.404] exception 'CHttpException' with message 'Unable to resolve the request "/index/index".' in E:\zhang\framework\web\CWebApplication.php:286
Stack trace:
#0 E:\zhang\framework\web\CWebApplication.php(141): CWebApplication->runController('')
#1 E:\zhang\framework\base\CApplication.php(185): CWebApplication->processRequest()
#2 E:\zhang\admin\index.php(13): CApplication->run()
#3 {main}
REQUEST_URI=/index.php?r=login/login
---
2016/07/15 17:18:02 [error] [exception.CHttpException.404] exception 'CHttpException' with message 'The system is unable to find the requested action "public".' in E:\zhang\framework\web\CController.php:483
Stack trace:
#0 E:\zhang\framework\web\CController.php(270): CController->missingAction('public')
#1 E:\zhang\framework\web\CWebApplication.php(282): CController->run('public')
#2 E:\zhang\framework\web\CWebApplication.php(141): CWebApplication->runController('Goods/public/im...')
#3 E:\zhang\framework\base\CApplication.php(185): CWebApplication->processRequest()
#4 E:\zhang\admin\index.php(13): CApplication->run()
#5 {main}
REQUEST_URI=/index.php/Goods/public/images/admin/home.png
HTTP_REFERER=http://zhangyi.admin.moxi.com/index.php/Goods/lst
---
2016/07/15 17:18:51 [error] [exception.CHttpException.404] exception 'CHttpException' with message 'The system is unable to find the requested action "public".' in E:\zhang\framework\web\CController.php:483
Stack trace:
#0 E:\zhang\framework\web\CController.php(270): CController->missingAction('public')
#1 E:\zhang\framework\web\CWebApplication.php(282): CController->run('public')
#2 E:\zhang\framework\web\CWebApplication.php(141): CWebApplication->runController('Goods/public/im...')
#3 E:\zhang\framework\base\CApplication.php(185): CWebApplication->processRequest()
#4 E:\zhang\admin\index.php(13): CApplication->run()
#5 {main}
REQUEST_URI=/index.php/Goods/public/images/admin/home.png
HTTP_REFERER=http://zhangyi.admin.moxi.com/index.php/Goods/lst
---
2016/07/15 17:22:39 [error] [exception.CHttpException.404] exception 'CHttpException' with message 'The system is unable to find the requested action "edit".' in E:\zhang\framework\web\CController.php:483
Stack trace:
#0 E:\zhang\framework\web\CController.php(270): CController->missingAction('edit')
#1 E:\zhang\framework\web\CWebApplication.php(282): CController->run('edit')
#2 E:\zhang\framework\web\CWebApplication.php(141): CWebApplication->runController('Goods/edit')
#3 E:\zhang\framework\base\CApplication.php(185): CWebApplication->processRequest()
#4 E:\zhang\admin\index.php(13): CApplication->run()
#5 {main}
REQUEST_URI=/index.php/Goods/edit
HTTP_REFERER=http://zhangyi.admin.moxi.com/index.php/Goods/lst
---
2016/07/15 17:22:45 [error] [exception.CException] exception 'CException' with message 'Alias "ext.ueditor.UeditorWidget" is invalid. Make sure it points to an existing PHP file and the file is readable.' in E:\zhang\framework\YiiBase.php:323
Stack trace:
#0 E:\zhang\framework\web\CWidgetFactory.php(146): YiiBase::import('ext.ueditor.Ued...', true)
#1 E:\zhang\framework\web\CBaseController.php(146): CWidgetFactory->createWidget(Object(GoodsController), 'ext.ueditor.Ued...', Array)
#2 E:\zhang\framework\web\CBaseController.php(180): CBaseController->createWidget('ext.ueditor.Ued...', Array)
#3 E:\zhang\admin\protected\views\goods\add.php(86): CBaseController->widget('ext.ueditor.Ued...', Array)
#4 E:\zhang\framework\web\CBaseController.php(126): require('E:\\zhang\\admin\\...')
#5 E:\zhang\framework\web\CBaseController.php(95): CBaseController->renderInternal('E:\\zhang\\admin\\...', NULL, true)
#6 E:\zhang\framework\web\CController.php(869): CBaseController->renderFile('E:\\zhang\\admin\\...', NULL, true)
#7 E:\zhang\framework\web\CController.php(782): CController->renderPartial('add', NULL, true)
#8 E:\zhang\admin\protected\controllers\GoodsController.php(23): CController->render('add')
#9 E:\zhang\framework\web\actions\CInlineAction.php(49): GoodsController->actionAdd()
#10 E:\zhang\framework\web\CController.php(308): CInlineAction->runWithParams(Array)
#11 E:\zhang\framework\web\CController.php(286): CController->runAction(Object(CInlineAction))
#12 E:\zhang\framework\web\CController.php(265): CController->runActionWithFilters(Object(CInlineAction), Array)
#13 E:\zhang\framework\web\CWebApplication.php(282): CController->run('add')
#14 E:\zhang\framework\web\CWebApplication.php(141): CWebApplication->runController('goods/add')
#15 E:\zhang\framework\base\CApplication.php(185): CWebApplication->processRequest()
#16 E:\zhang\admin\index.php(13): CApplication->run()
#17 {main}
REQUEST_URI=/index.php/goods/add
HTTP_REFERER=http://zhangyi.admin.moxi.com/index.php/Goods/lst
---
2016/07/15 17:26:21 [error] [exception.CException] exception 'CException' with message 'Alias "ext.ueditor.UeditorWidget" is invalid. Make sure it points to an existing PHP file and the file is readable.' in E:\zhang\framework\YiiBase.php:323
Stack trace:
#0 E:\zhang\framework\web\CWidgetFactory.php(146): YiiBase::import('ext.ueditor.Ued...', true)
#1 E:\zhang\framework\web\CBaseController.php(146): CWidgetFactory->createWidget(Object(GoodsController), 'ext.ueditor.Ued...', Array)
#2 E:\zhang\framework\web\CBaseController.php(180): CBaseController->createWidget('ext.ueditor.Ued...', Array)
#3 E:\zhang\admin\protected\views\goods\add.php(86): CBaseController->widget('ext.ueditor.Ued...', Array)
#4 E:\zhang\framework\web\CBaseController.php(126): require('E:\\zhang\\admin\\...')
#5 E:\zhang\framework\web\CBaseController.php(95): CBaseController->renderInternal('E:\\zhang\\admin\\...', NULL, true)
#6 E:\zhang\framework\web\CController.php(869): CBaseController->renderFile('E:\\zhang\\admin\\...', NULL, true)
#7 E:\zhang\framework\web\CController.php(782): CController->renderPartial('add', NULL, true)
#8 E:\zhang\admin\protected\controllers\GoodsController.php(23): CController->render('add')
#9 E:\zhang\framework\web\actions\CInlineAction.php(49): GoodsController->actionAdd()
#10 E:\zhang\framework\web\CController.php(308): CInlineAction->runWithParams(Array)
#11 E:\zhang\framework\web\CController.php(286): CController->runAction(Object(CInlineAction))
#12 E:\zhang\framework\web\CController.php(265): CController->runActionWithFilters(Object(CInlineAction), Array)
#13 E:\zhang\framework\web\CWebApplication.php(282): CController->run('add')
#14 E:\zhang\framework\web\CWebApplication.php(141): CWebApplication->runController('goods/add')
#15 E:\zhang\framework\base\CApplication.php(185): CWebApplication->processRequest()
#16 E:\zhang\admin\index.php(13): CApplication->run()
#17 {main}
REQUEST_URI=/index.php/goods/add
HTTP_REFERER=http://zhangyi.admin.moxi.com/index.php/Goods/lst
---
2016/07/15 17:26:22 [error] [exception.CException] exception 'CException' with message 'Alias "ext.ueditor.UeditorWidget" is invalid. Make sure it points to an existing PHP file and the file is readable.' in E:\zhang\framework\YiiBase.php:323
Stack trace:
#0 E:\zhang\framework\web\CWidgetFactory.php(146): YiiBase::import('ext.ueditor.Ued...', true)
#1 E:\zhang\framework\web\CBaseController.php(146): CWidgetFactory->createWidget(Object(GoodsController), 'ext.ueditor.Ued...', Array)
#2 E:\zhang\framework\web\CBaseController.php(180): CBaseController->createWidget('ext.ueditor.Ued...', Array)
#3 E:\zhang\admin\protected\views\goods\add.php(86): CBaseController->widget('ext.ueditor.Ued...', Array)
#4 E:\zhang\framework\web\CBaseController.php(126): require('E:\\zhang\\admin\\...')
#5 E:\zhang\framework\web\CBaseController.php(95): CBaseController->renderInternal('E:\\zhang\\admin\\...', NULL, true)
#6 E:\zhang\framework\web\CController.php(869): CBaseController->renderFile('E:\\zhang\\admin\\...', NULL, true)
#7 E:\zhang\framework\web\CController.php(782): CController->renderPartial('add', NULL, true)
#8 E:\zhang\admin\protected\controllers\GoodsController.php(23): CController->render('add')
#9 E:\zhang\framework\web\actions\CInlineAction.php(49): GoodsController->actionAdd()
#10 E:\zhang\framework\web\CController.php(308): CInlineAction->runWithParams(Array)
#11 E:\zhang\framework\web\CController.php(286): CController->runAction(Object(CInlineAction))
#12 E:\zhang\framework\web\CController.php(265): CController->runActionWithFilters(Object(CInlineAction), Array)
#13 E:\zhang\framework\web\CWebApplication.php(282): CController->run('add')
#14 E:\zhang\framework\web\CWebApplication.php(141): CWebApplication->runController('goods/add')
#15 E:\zhang\framework\base\CApplication.php(185): CWebApplication->processRequest()
#16 E:\zhang\admin\index.php(13): CApplication->run()
#17 {main}
REQUEST_URI=/index.php/goods/add
HTTP_REFERER=http://zhangyi.admin.moxi.com/index.php/Goods/lst
---
2016/07/15 17:26:22 [error] [exception.CException] exception 'CException' with message 'Alias "ext.ueditor.UeditorWidget" is invalid. Make sure it points to an existing PHP file and the file is readable.' in E:\zhang\framework\YiiBase.php:323
Stack trace:
#0 E:\zhang\framework\web\CWidgetFactory.php(146): YiiBase::import('ext.ueditor.Ued...', true)
#1 E:\zhang\framework\web\CBaseController.php(146): CWidgetFactory->createWidget(Object(GoodsController), 'ext.ueditor.Ued...', Array)
#2 E:\zhang\framework\web\CBaseController.php(180): CBaseController->createWidget('ext.ueditor.Ued...', Array)
#3 E:\zhang\admin\protected\views\goods\add.php(86): CBaseController->widget('ext.ueditor.Ued...', Array)
#4 E:\zhang\framework\web\CBaseController.php(126): require('E:\\zhang\\admin\\...')
#5 E:\zhang\framework\web\CBaseController.php(95): CBaseController->renderInternal('E:\\zhang\\admin\\...', NULL, true)
#6 E:\zhang\framework\web\CController.php(869): CBaseController->renderFile('E:\\zhang\\admin\\...', NULL, true)
#7 E:\zhang\framework\web\CController.php(782): CController->renderPartial('add', NULL, true)
#8 E:\zhang\admin\protected\controllers\GoodsController.php(23): CController->render('add')
#9 E:\zhang\framework\web\actions\CInlineAction.php(49): GoodsController->actionAdd()
#10 E:\zhang\framework\web\CController.php(308): CInlineAction->runWithParams(Array)
#11 E:\zhang\framework\web\CController.php(286): CController->runAction(Object(CInlineAction))
#12 E:\zhang\framework\web\CController.php(265): CController->runActionWithFilters(Object(CInlineAction), Array)
#13 E:\zhang\framework\web\CWebApplication.php(282): CController->run('add')
#14 E:\zhang\framework\web\CWebApplication.php(141): CWebApplication->runController('goods/add')
#15 E:\zhang\framework\base\CApplication.php(185): CWebApplication->processRequest()
#16 E:\zhang\admin\index.php(13): CApplication->run()
#17 {main}
REQUEST_URI=/index.php/goods/add
HTTP_REFERER=http://zhangyi.admin.moxi.com/index.php/Goods/lst
---
2016/07/15 17:26:23 [error] [exception.CException] exception 'CException' with message 'Alias "ext.ueditor.UeditorWidget" is invalid. Make sure it points to an existing PHP file and the file is readable.' in E:\zhang\framework\YiiBase.php:323
Stack trace:
#0 E:\zhang\framework\web\CWidgetFactory.php(146): YiiBase::import('ext.ueditor.Ued...', true)
#1 E:\zhang\framework\web\CBaseController.php(146): CWidgetFactory->createWidget(Object(GoodsController), 'ext.ueditor.Ued...', Array)
#2 E:\zhang\framework\web\CBaseController.php(180): CBaseController->createWidget('ext.ueditor.Ued...', Array)
#3 E:\zhang\admin\protected\views\goods\add.php(86): CBaseController->widget('ext.ueditor.Ued...', Array)
#4 E:\zhang\framework\web\CBaseController.php(126): require('E:\\zhang\\admin\\...')
#5 E:\zhang\framework\web\CBaseController.php(95): CBaseController->renderInternal('E:\\zhang\\admin\\...', NULL, true)
#6 E:\zhang\framework\web\CController.php(869): CBaseController->renderFile('E:\\zhang\\admin\\...', NULL, true)
#7 E:\zhang\framework\web\CController.php(782): CController->renderPartial('add', NULL, true)
#8 E:\zhang\admin\protected\controllers\GoodsController.php(23): CController->render('add')
#9 E:\zhang\framework\web\actions\CInlineAction.php(49): GoodsController->actionAdd()
#10 E:\zhang\framework\web\CController.php(308): CInlineAction->runWithParams(Array)
#11 E:\zhang\framework\web\CController.php(286): CController->runAction(Object(CInlineAction))
#12 E:\zhang\framework\web\CController.php(265): CController->runActionWithFilters(Object(CInlineAction), Array)
#13 E:\zhang\framework\web\CWebApplication.php(282): CController->run('add')
#14 E:\zhang\framework\web\CWebApplication.php(141): CWebApplication->runController('goods/add')
#15 E:\zhang\framework\base\CApplication.php(185): CWebApplication->processRequest()
#16 E:\zhang\admin\index.php(13): CApplication->run()
#17 {main}
REQUEST_URI=/index.php/goods/add
HTTP_REFERER=http://zhangyi.admin.moxi.com/index.php/Goods/lst
---
2016/07/15 18:03:41 [error] [exception.CHttpException.404] exception 'CHttpException' with message 'The system is unable to find the requested action "public".' in E:\zhang\framework\web\CController.php:483
Stack trace:
#0 E:\zhang\framework\web\CController.php(270): CController->missingAction('public')
#1 E:\zhang\framework\web\CWebApplication.php(282): CController->run('public')
#2 E:\zhang\framework\web\CWebApplication.php(141): CWebApplication->runController('goods/public/im...')
#3 E:\zhang\framework\base\CApplication.php(185): CWebApplication->processRequest()
#4 E:\zhang\admin\index.php(13): CApplication->run()
#5 {main}
REQUEST_URI=/index.php/goods/public/images/admin/home.png
HTTP_REFERER=http://zhangyi.admin.moxi.com/index.php/goods/add
---
2016/07/15 18:03:41 [error] [exception.CHttpException.404] exception 'CHttpException' with message 'The system is unable to find the requested action "public".' in E:\zhang\framework\web\CController.php:483
Stack trace:
#0 E:\zhang\framework\web\CController.php(270): CController->missingAction('public')
#1 E:\zhang\framework\web\CWebApplication.php(282): CController->run('public')
#2 E:\zhang\framework\web\CWebApplication.php(141): CWebApplication->runController('goods/public/im...')
#3 E:\zhang\framework\base\CApplication.php(185): CWebApplication->processRequest()
#4 E:\zhang\admin\index.php(13): CApplication->run()
#5 {main}
REQUEST_URI=/index.php/goods/public/images/admin/home.png
HTTP_REFERER=http://zhangyi.admin.moxi.com/index.php/goods/add
---
2016/07/15 18:03:41 [error] [exception.CHttpException.404] exception 'CHttpException' with message 'Unable to resolve the request "admin/editor/index".' in E:\zhang\framework\web\CWebApplication.php:286
Stack trace:
#0 E:\zhang\framework\web\CWebApplication.php(141): CWebApplication->runController('admin/editor/in...')
#1 E:\zhang\framework\base\CApplication.php(185): CWebApplication->processRequest()
#2 E:\zhang\admin\index.php(13): CApplication->run()
#3 {main}
REQUEST_URI=/index.php/admin/editor/index?action=config&&noCache=1468577021486
HTTP_REFERER=http://zhangyi.admin.moxi.com/index.php/goods/add
---
2016/07/27 16:49:34 [error] [exception.CHttpException.404] exception 'CHttpException' with message 'The system is unable to find the requested action "index".' in E:\zhang\framework\web\CController.php:483
Stack trace:
#0 E:\zhang\framework\web\CController.php(270): CController->missingAction('')
#1 E:\zhang\framework\web\CWebApplication.php(282): CController->run('')
#2 E:\zhang\framework\web\CWebApplication.php(141): CWebApplication->runController('login')
#3 E:\zhang\framework\base\CApplication.php(185): CWebApplication->processRequest()
#4 E:\zhang\admin\index.php(13): CApplication->run()
#5 {main}
REQUEST_URI=/index.php/login
---
2016/07/27 16:53:43 [error] [exception.CHttpException.404] exception 'CHttpException' with message 'The system is unable to find the requested action "public".' in E:\zhang\framework\web\CController.php:483
Stack trace:
#0 E:\zhang\framework\web\CController.php(270): CController->missingAction('public')
#1 E:\zhang\framework\web\CWebApplication.php(282): CController->run('public')
#2 E:\zhang\framework\web\CWebApplication.php(141): CWebApplication->runController('Goods/public/im...')
#3 E:\zhang\framework\base\CApplication.php(185): CWebApplication->processRequest()
#4 E:\zhang\admin\index.php(13): CApplication->run()
#5 {main}
REQUEST_URI=/index.php/Goods/public/images/admin/home.png
HTTP_REFERER=http://zhangyi.admin.moxi.com/index.php/Goods/lst
---
2016/07/27 16:53:45 [error] [exception.CHttpException.404] exception 'CHttpException' with message 'Unable to resolve the request "Category/lst".' in E:\zhang\framework\web\CWebApplication.php:286
Stack trace:
#0 E:\zhang\framework\web\CWebApplication.php(141): CWebApplication->runController('Category/lst')
#1 E:\zhang\framework\base\CApplication.php(185): CWebApplication->processRequest()
#2 E:\zhang\admin\index.php(13): CApplication->run()
#3 {main}
REQUEST_URI=/index.php/Category/lst
HTTP_REFERER=http://zhangyi.admin.moxi.com/index.php/Goods/lst
---
2016/07/27 16:53:49 [error] [exception.CHttpException.404] exception 'CHttpException' with message 'The system is unable to find the requested action "public".' in E:\zhang\framework\web\CController.php:483
Stack trace:
#0 E:\zhang\framework\web\CController.php(270): CController->missingAction('public')
#1 E:\zhang\framework\web\CWebApplication.php(282): CController->run('public')
#2 E:\zhang\framework\web\CWebApplication.php(141): CWebApplication->runController('Goods/public/im...')
#3 E:\zhang\framework\base\CApplication.php(185): CWebApplication->processRequest()
#4 E:\zhang\admin\index.php(13): CApplication->run()
#5 {main}
REQUEST_URI=/index.php/Goods/public/images/admin/home.png
HTTP_REFERER=http://zhangyi.admin.moxi.com/index.php/Goods/lst
---
2016/07/27 16:54:26 [error] [exception.CHttpException.404] exception 'CHttpException' with message 'The system is unable to find the requested action "public".' in E:\zhang\framework\web\CController.php:483
Stack trace:
#0 E:\zhang\framework\web\CController.php(270): CController->missingAction('public')
#1 E:\zhang\framework\web\CWebApplication.php(282): CController->run('public')
#2 E:\zhang\framework\web\CWebApplication.php(141): CWebApplication->runController('goods/public/im...')
#3 E:\zhang\framework\base\CApplication.php(185): CWebApplication->processRequest()
#4 E:\zhang\admin\index.php(13): CApplication->run()
#5 {main}
REQUEST_URI=/index.php/goods/public/images/admin/home.png
HTTP_REFERER=http://zhangyi.admin.moxi.com/index.php/goods/add
---
2016/07/27 16:54:27 [error] [exception.CHttpException.404] exception 'CHttpException' with message 'The system is unable to find the requested action "public".' in E:\zhang\framework\web\CController.php:483
Stack trace:
#0 E:\zhang\framework\web\CController.php(270): CController->missingAction('public')
#1 E:\zhang\framework\web\CWebApplication.php(282): CController->run('public')
#2 E:\zhang\framework\web\CWebApplication.php(141): CWebApplication->runController('goods/public/im...')
#3 E:\zhang\framework\base\CApplication.php(185): CWebApplication->processRequest()
#4 E:\zhang\admin\index.php(13): CApplication->run()
#5 {main}
REQUEST_URI=/index.php/goods/public/images/admin/home.png
HTTP_REFERER=http://zhangyi.admin.moxi.com/index.php/goods/add
---
2016/07/27 16:54:27 [error] [exception.CHttpException.404] exception 'CHttpException' with message 'Unable to resolve the request "admin/editor/index".' in E:\zhang\framework\web\CWebApplication.php:286
Stack trace:
#0 E:\zhang\framework\web\CWebApplication.php(141): CWebApplication->runController('admin/editor/in...')
#1 E:\zhang\framework\base\CApplication.php(185): CWebApplication->processRequest()
#2 E:\zhang\admin\index.php(13): CApplication->run()
#3 {main}
REQUEST_URI=/index.php/admin/editor/index?action=config&&noCache=1469609667250
HTTP_REFERER=http://zhangyi.admin.moxi.com/index.php/goods/add
---
2016/07/27 16:54:50 [error] [exception.CHttpException.404] exception 'CHttpException' with message 'Unable to resolve the request "admin/editor/index".' in E:\zhang\framework\web\CWebApplication.php:286
Stack trace:
#0 E:\zhang\framework\web\CWebApplication.php(141): CWebApplication->runController('admin/editor/in...')
#1 E:\zhang\framework\base\CApplication.php(185): CWebApplication->processRequest()
#2 E:\zhang\admin\index.php(13): CApplication->run()
#3 {main}
REQUEST_URI=/index.php/admin/editor/index?action=config&&noCache=1469609690526
HTTP_REFERER=http://zhangyi.admin.moxi.com/index.php/goods/add
---
2016/07/27 16:57:26 [error] [exception.CHttpException.404] exception 'CHttpException' with message 'Unable to resolve the request "admin/editor/index".' in E:\zhang\framework\web\CWebApplication.php:286
Stack trace:
#0 E:\zhang\framework\web\CWebApplication.php(141): CWebApplication->runController('admin/editor/in...')
#1 E:\zhang\framework\base\CApplication.php(185): CWebApplication->processRequest()
#2 E:\zhang\admin\index.php(13): CApplication->run()
#3 {main}
REQUEST_URI=/index.php/admin/editor/index?action=config&&noCache=1469609846103
HTTP_REFERER=http://zhangyi.admin.moxi.com/index.php/goods/add
---
2016/07/27 17:12:57 [error] [exception.CHttpException.404] exception 'CHttpException' with message 'Unable to resolve the request "admin/editor/index".' in E:\zhang\framework\web\CWebApplication.php:286
Stack trace:
#0 E:\zhang\framework\web\CWebApplication.php(141): CWebApplication->runController('admin/editor/in...')
#1 E:\zhang\framework\base\CApplication.php(185): CWebApplication->processRequest()
#2 E:\zhang\admin\index.php(13): CApplication->run()
#3 {main}
REQUEST_URI=/index.php/admin/editor/index?action=config&&noCache=1469609846103
---
2016/07/27 17:18:52 [error] [exception.CHttpException.404] exception 'CHttpException' with message 'Unable to resolve the request "admin/editor/index".' in E:\zhang\framework\web\CWebApplication.php:286
Stack trace:
#0 E:\zhang\framework\web\CWebApplication.php(141): CWebApplication->runController('admin/editor/in...')
#1 E:\zhang\framework\base\CApplication.php(185): CWebApplication->processRequest()
#2 E:\zhang\admin\index.php(13): CApplication->run()
#3 {main}
REQUEST_URI=/index.php/admin/editor/index?action=config&&noCache=1469609846103
---
2016/07/28 14:23:30 [error] [exception.CHttpException.404] exception 'CHttpException' with message 'Unable to resolve the request "Category/lst".' in E:\zhang\framework\web\CWebApplication.php:286
Stack trace:
#0 E:\zhang\framework\web\CWebApplication.php(141): CWebApplication->runController('Category/lst')
#1 E:\zhang\framework\base\CApplication.php(185): CWebApplication->processRequest()
#2 E:\zhang\admin\index.php(13): CApplication->run()
#3 {main}
REQUEST_URI=/index.php/Category/lst
HTTP_REFERER=http://zhangyi.admin.moxi.com/index.php/Goods/lst
---
2016/07/28 14:23:39 [error] [exception.CHttpException.404] exception 'CHttpException' with message 'Unable to resolve the request "Type/lst".' in E:\zhang\framework\web\CWebApplication.php:286
Stack trace:
#0 E:\zhang\framework\web\CWebApplication.php(141): CWebApplication->runController('Type/lst')
#1 E:\zhang\framework\base\CApplication.php(185): CWebApplication->processRequest()
#2 E:\zhang\admin\index.php(13): CApplication->run()
#3 {main}
REQUEST_URI=/index.php/Type/lst
HTTP_REFERER=http://zhangyi.admin.moxi.com/index.php/Goods/lst
---
2016/07/28 14:23:49 [error] [exception.CHttpException.404] exception 'CHttpException' with message 'Unable to resolve the request "Category/lst".' in E:\zhang\framework\web\CWebApplication.php:286
Stack trace:
#0 E:\zhang\framework\web\CWebApplication.php(141): CWebApplication->runController('Category/lst')
#1 E:\zhang\framework\base\CApplication.php(185): CWebApplication->processRequest()
#2 E:\zhang\admin\index.php(13): CApplication->run()
#3 {main}
REQUEST_URI=/index.php/Category/lst
HTTP_REFERER=http://zhangyi.admin.moxi.com/index.php/Goods/lst
---
2016/07/28 16:20:27 [error] [exception.CException] exception 'CException' with message 'Property "CWebApplication.cookie" is not defined.' in E:\zhang\framework\base\CComponent.php:130
Stack trace:
#0 E:\zhang\framework\base\CModule.php(105): CComponent->__get('cookie')
#1 E:\zhang\admin\protected\components\Controller.php(22): CModule->__get('cookie')
#2 E:\zhang\admin\protected\components\Controller.php(19): Controller->load_userinfo()
#3 E:\zhang\admin\protected\controllers\GoodsController.php(13): Controller->init()
#4 E:\zhang\framework\web\CWebApplication.php(281): GoodsController->init()
#5 E:\zhang\framework\web\CWebApplication.php(141): CWebApplication->runController('goods/add')
#6 E:\zhang\framework\base\CApplication.php(185): CWebApplication->processRequest()
#7 E:\zhang\admin\index.php(13): CApplication->run()
#8 {main}
REQUEST_URI=/index.php/goods/add
HTTP_REFERER=http://zhangyi.admin.moxi.com/index.php/Goods/lst
---
2016/07/28 16:20:36 [error] [exception.CException] exception 'CException' with message 'Property "CWebApplication.cookie" is not defined.' in E:\zhang\framework\base\CComponent.php:130
Stack trace:
#0 E:\zhang\framework\base\CModule.php(105): CComponent->__get('cookie')
#1 E:\zhang\admin\protected\components\Controller.php(22): CModule->__get('cookie')
#2 E:\zhang\admin\protected\components\Controller.php(19): Controller->load_userinfo()
#3 E:\zhang\admin\protected\controllers\GoodsController.php(13): Controller->init()
#4 E:\zhang\framework\web\CWebApplication.php(281): GoodsController->init()
#5 E:\zhang\framework\web\CWebApplication.php(141): CWebApplication->runController('Goods/lst')
#6 E:\zhang\framework\base\CApplication.php(185): CWebApplication->processRequest()
#7 E:\zhang\admin\index.php(13): CApplication->run()
#8 {main}
REQUEST_URI=/index.php/Goods/lst
HTTP_REFERER=http://zhangyi.admin.moxi.com/index.php/Goods/lst
---
2016/07/28 16:20:36 [error] [exception.CException] exception 'CException' with message 'Property "CWebApplication.cookie" is not defined.' in E:\zhang\framework\base\CComponent.php:130
Stack trace:
#0 E:\zhang\framework\base\CModule.php(105): CComponent->__get('cookie')
#1 E:\zhang\admin\protected\components\Controller.php(22): CModule->__get('cookie')
#2 E:\zhang\admin\protected\components\Controller.php(19): Controller->load_userinfo()
#3 E:\zhang\framework\web\CWebApplication.php(281): Controller->init()
#4 E:\zhang\framework\web\CWebApplication.php(141): CWebApplication->runController('index/index')
#5 E:\zhang\framework\base\CApplication.php(185): CWebApplication->processRequest()
#6 E:\zhang\admin\index.php(13): CApplication->run()
#7 {main}
REQUEST_URI=/
---
2016/07/28 16:20:38 [error] [exception.CException] exception 'CException' with message 'Property "CWebApplication.cookie" is not defined.' in E:\zhang\framework\base\CComponent.php:130
Stack trace:
#0 E:\zhang\framework\base\CModule.php(105): CComponent->__get('cookie')
#1 E:\zhang\admin\protected\components\Controller.php(22): CModule->__get('cookie')
#2 E:\zhang\admin\protected\components\Controller.php(19): Controller->load_userinfo()
#3 E:\zhang\framework\web\CWebApplication.php(281): Controller->init()
#4 E:\zhang\framework\web\CWebApplication.php(141): CWebApplication->runController('index/index')
#5 E:\zhang\framework\base\CApplication.php(185): CWebApplication->processRequest()
#6 E:\zhang\admin\index.php(13): CApplication->run()
#7 {main}
REQUEST_URI=/
---
2016/07/28 16:20:39 [error] [exception.CException] exception 'CException' with message 'Property "CWebApplication.cookie" is not defined.' in E:\zhang\framework\base\CComponent.php:130
Stack trace:
#0 E:\zhang\framework\base\CModule.php(105): CComponent->__get('cookie')
#1 E:\zhang\admin\protected\components\Controller.php(22): CModule->__get('cookie')
#2 E:\zhang\admin\protected\components\Controller.php(19): Controller->load_userinfo()
#3 E:\zhang\framework\web\CWebApplication.php(281): Controller->init()
#4 E:\zhang\framework\web\CWebApplication.php(141): CWebApplication->runController('index/index')
#5 E:\zhang\framework\base\CApplication.php(185): CWebApplication->processRequest()
#6 E:\zhang\admin\index.php(13): CApplication->run()
#7 {main}
REQUEST_URI=/
---
2016/07/28 16:24:53 [error] [php] Undefined index: user (E:\zhang\admin\protected\components\Controller.php:22)
Stack trace:
#0 E:\zhang\framework\web\CWebApplication.php(141): CWebApplication->runController()
#1 E:\zhang\framework\base\CApplication.php(185): CWebApplication->processRequest()
#2 E:\zhang\admin\index.php(13): CWebApplication->run()
REQUEST_URI=/
in E:\zhang\admin\protected\components\Controller.php (22)
in E:\zhang\admin\protected\components\Controller.php (19)
in E:\zhang\admin\index.php (13)
2016/07/28 16:24:54 [error] [php] Undefined index: user (E:\zhang\admin\protected\components\Controller.php:22)
Stack trace:
#0 E:\zhang\framework\web\CWebApplication.php(141): CWebApplication->runController()
#1 E:\zhang\framework\base\CApplication.php(185): CWebApplication->processRequest()
#2 E:\zhang\admin\index.php(13): CWebApplication->run()
REQUEST_URI=/
in E:\zhang\admin\protected\components\Controller.php (22)
in E:\zhang\admin\protected\components\Controller.php (19)
in E:\zhang\admin\index.php (13)
2016/07/28 16:50:52 [error] [exception.CHttpException.404] exception 'CHttpException' with message 'Unable to resolve the request "login/login".' in E:\zhang\framework\web\CWebApplication.php:286
Stack trace:
#0 E:\zhang\framework\web\CWebApplication.php(141): CWebApplication->runController('login/login')
#1 E:\zhang\framework\base\CApplication.php(185): CWebApplication->processRequest()
#2 E:\zhang\admin\index.php(13): CApplication->run()
#3 {main}
REQUEST_URI=/login/login
---
2016/07/28 16:50:53 [error] [exception.CHttpException.404] exception 'CHttpException' with message 'Unable to resolve the request "login/login".' in E:\zhang\framework\web\CWebApplication.php:286
Stack trace:
#0 E:\zhang\framework\web\CWebApplication.php(141): CWebApplication->runController('login/login')
#1 E:\zhang\framework\base\CApplication.php(185): CWebApplication->processRequest()
#2 E:\zhang\admin\index.php(13): CApplication->run()
#3 {main}
REQUEST_URI=/login/login
---
2016/07/28 16:50:54 [error] [exception.CHttpException.404] exception 'CHttpException' with message 'Unable to resolve the request "login/login".' in E:\zhang\framework\web\CWebApplication.php:286
Stack trace:
#0 E:\zhang\framework\web\CWebApplication.php(141): CWebApplication->runController('login/login')
#1 E:\zhang\framework\base\CApplication.php(185): CWebApplication->processRequest()
#2 E:\zhang\admin\index.php(13): CApplication->run()
#3 {main}
REQUEST_URI=/login/login
---
2016/07/28 16:50:54 [error] [exception.CHttpException.404] exception 'CHttpException' with message 'Unable to resolve the request "login/login".' in E:\zhang\framework\web\CWebApplication.php:286
Stack trace:
#0 E:\zhang\framework\web\CWebApplication.php(141): CWebApplication->runController('login/login')
#1 E:\zhang\framework\base\CApplication.php(185): CWebApplication->processRequest()
#2 E:\zhang\admin\index.php(13): CApplication->run()
#3 {main}
REQUEST_URI=/login/login
---
2016/07/28 16:50:55 [error] [exception.CHttpException.404] exception 'CHttpException' with message 'Unable to resolve the request "login/login".' in E:\zhang\framework\web\CWebApplication.php:286
Stack trace:
#0 E:\zhang\framework\web\CWebApplication.php(141): CWebApplication->runController('login/login')
#1 E:\zhang\framework\base\CApplication.php(185): CWebApplication->processRequest()
#2 E:\zhang\admin\index.php(13): CApplication->run()
#3 {main}
REQUEST_URI=/login/login
---
2016/07/28 16:50:55 [error] [exception.CHttpException.404] exception 'CHttpException' with message 'Unable to resolve the request "login/login".' in E:\zhang\framework\web\CWebApplication.php:286
Stack trace:
#0 E:\zhang\framework\web\CWebApplication.php(141): CWebApplication->runController('login/login')
#1 E:\zhang\framework\base\CApplication.php(185): CWebApplication->processRequest()
#2 E:\zhang\admin\index.php(13): CApplication->run()
#3 {main}
REQUEST_URI=/login/login
---
2016/07/28 16:51:56 [error] [php] Undefined index: user (E:\zhang\admin\protected\components\Controller.php:23)
Stack trace:
#0 E:\zhang\framework\web\CWebApplication.php(141): CWebApplication->runController()
#1 E:\zhang\framework\base\CApplication.php(185): CWebApplication->processRequest()
#2 E:\zhang\admin\index.php(13): CWebApplication->run()
REQUEST_URI=/login/login
in E:\zhang\admin\protected\components\Controller.php (23)
in E:\zhang\admin\protected\components\Controller.php (19)
in E:\zhang\admin\index.php (13)
2016/07/28 16:51:57 [error] [php] Undefined index: user (E:\zhang\admin\protected\components\Controller.php:23)
Stack trace:
#0 E:\zhang\framework\web\CWebApplication.php(141): CWebApplication->runController()
#1 E:\zhang\framework\base\CApplication.php(185): CWebApplication->processRequest()
#2 E:\zhang\admin\index.php(13): CWebApplication->run()
REQUEST_URI=/login/login
in E:\zhang\admin\protected\components\Controller.php (23)
in E:\zhang\admin\protected\components\Controller.php (19)
in E:\zhang\admin\index.php (13)
2016/07/28 16:51:57 [error] [php] Undefined index: user (E:\zhang\admin\protected\components\Controller.php:23)
Stack trace:
#0 E:\zhang\framework\web\CWebApplication.php(141): CWebApplication->runController()
#1 E:\zhang\framework\base\CApplication.php(185): CWebApplication->processRequest()
#2 E:\zhang\admin\index.php(13): CWebApplication->run()
REQUEST_URI=/login/login
in E:\zhang\admin\protected\components\Controller.php (23)
in E:\zhang\admin\protected\components\Controller.php (19)
in E:\zhang\admin\index.php (13)
2016/07/28 16:51:58 [error] [php] Undefined index: user (E:\zhang\admin\protected\components\Controller.php:23)
Stack trace:
#0 E:\zhang\framework\web\CWebApplication.php(141): CWebApplication->runController()
#1 E:\zhang\framework\base\CApplication.php(185): CWebApplication->processRequest()
#2 E:\zhang\admin\index.php(13): CWebApplication->run()
REQUEST_URI=/login/login
in E:\zhang\admin\protected\components\Controller.php (23)
in E:\zhang\admin\protected\components\Controller.php (19)
in E:\zhang\admin\index.php (13)
2016/07/28 16:51:58 [error] [php] Undefined index: user (E:\zhang\admin\protected\components\Controller.php:23)
Stack trace:
#0 E:\zhang\framework\web\CWebApplication.php(141): CWebApplication->runController()
#1 E:\zhang\framework\base\CApplication.php(185): CWebApplication->processRequest()
#2 E:\zhang\admin\index.php(13): CWebApplication->run()
REQUEST_URI=/login/login
in E:\zhang\admin\protected\components\Controller.php (23)
in E:\zhang\admin\protected\components\Controller.php (19)
in E:\zhang\admin\index.php (13)
2016/07/28 16:51:58 [error] [php] Undefined index: user (E:\zhang\admin\protected\components\Controller.php:23)
Stack trace:
#0 E:\zhang\framework\web\CWebApplication.php(141): CWebApplication->runController()
#1 E:\zhang\framework\base\CApplication.php(185): CWebApplication->processRequest()
#2 E:\zhang\admin\index.php(13): CWebApplication->run()
REQUEST_URI=/login/login
in E:\zhang\admin\protected\components\Controller.php (23)
in E:\zhang\admin\protected\components\Controller.php (19)
in E:\zhang\admin\index.php (13)
2016/07/29 14:55:53 [error] [php] Undefined index: user (E:\zhang\admin\protected\components\Controller.php:23)
Stack trace:
#0 E:\zhang\framework\web\CWebApplication.php(141): CWebApplication->runController()
#1 E:\zhang\framework\base\CApplication.php(185): CWebApplication->processRequest()
#2 E:\zhang\admin\index.php(13): CWebApplication->run()
REQUEST_URI=/
in E:\zhang\admin\protected\components\Controller.php (23)
in E:\zhang\admin\protected\components\Controller.php (19)
in E:\zhang\admin\index.php (13)
2016/07/29 14:55:55 [error] [exception.CHttpException.404] exception 'CHttpException' with message 'Unable to resolve the request "favicon.ico".' in E:\zhang\framework\web\CWebApplication.php:286
Stack trace:
#0 E:\zhang\framework\web\CWebApplication.php(141): CWebApplication->runController('favicon.ico')
#1 E:\zhang\framework\base\CApplication.php(185): CWebApplication->processRequest()
#2 E:\zhang\admin\index.php(13): CApplication->run()
#3 {main}
REQUEST_URI=/favicon.ico
HTTP_REFERER=http://zhangyi.admin.moxi.com/
---
2016/07/29 14:56:56 [error] [php] Undefined index: user (E:\zhang\admin\protected\components\Controller.php:23)
Stack trace:
#0 E:\zhang\framework\web\CWebApplication.php(141): CWebApplication->runController()
#1 E:\zhang\framework\base\CApplication.php(185): CWebApplication->processRequest()
#2 E:\zhang\admin\index.php(13): CWebApplication->run()
REQUEST_URI=/
in E:\zhang\admin\protected\components\Controller.php (23)
in E:\zhang\admin\protected\components\Controller.php (19)
in E:\zhang\admin\index.php (13)
2016/07/29 14:56:57 [error] [php] Undefined index: user (E:\zhang\admin\protected\components\Controller.php:23)
Stack trace:
#0 E:\zhang\framework\web\CWebApplication.php(141): CWebApplication->runController()
#1 E:\zhang\framework\base\CApplication.php(185): CWebApplication->processRequest()
#2 E:\zhang\admin\index.php(13): CWebApplication->run()
REQUEST_URI=/
in E:\zhang\admin\protected\components\Controller.php (23)
in E:\zhang\admin\protected\components\Controller.php (19)
in E:\zhang\admin\index.php (13)
2016/07/29 14:56:57 [error] [php] Undefined index: user (E:\zhang\admin\protected\components\Controller.php:23)
Stack trace:
#0 E:\zhang\framework\web\CWebApplication.php(141): CWebApplication->runController()
#1 E:\zhang\framework\base\CApplication.php(185): CWebApplication->processRequest()
#2 E:\zhang\admin\index.php(13): CWebApplication->run()
REQUEST_URI=/
in E:\zhang\admin\protected\components\Controller.php (23)
in E:\zhang\admin\protected\components\Controller.php (19)
in E:\zhang\admin\index.php (13)
2016/07/29 14:56:58 [error] [php] Undefined index: user (E:\zhang\admin\protected\components\Controller.php:23)
Stack trace:
#0 E:\zhang\framework\web\CWebApplication.php(141): CWebApplication->runController()
#1 E:\zhang\framework\base\CApplication.php(185): CWebApplication->processRequest()
#2 E:\zhang\admin\index.php(13): CWebApplication->run()
REQUEST_URI=/
in E:\zhang\admin\protected\components\Controller.php (23)
in E:\zhang\admin\protected\components\Controller.php (19)
in E:\zhang\admin\index.php (13)
2016/07/29 14:57:52 [error] [exception.CHttpException.404] exception 'CHttpException' with message 'Unable to resolve the request "login/login".' in E:\zhang\framework\web\CWebApplication.php:286
Stack trace:
#0 E:\zhang\framework\web\CWebApplication.php(141): CWebApplication->runController('login/login')
#1 E:\zhang\framework\base\CApplication.php(185): CWebApplication->processRequest()
#2 E:\zhang\admin\index.php(13): CApplication->run()
#3 {main}
REQUEST_URI=/login/login
---
2016/07/29 14:57:53 [error] [exception.CHttpException.404] exception 'CHttpException' with message 'Unable to resolve the request "login/login".' in E:\zhang\framework\web\CWebApplication.php:286
Stack trace:
#0 E:\zhang\framework\web\CWebApplication.php(141): CWebApplication->runController('login/login')
#1 E:\zhang\framework\base\CApplication.php(185): CWebApplication->processRequest()
#2 E:\zhang\admin\index.php(13): CApplication->run()
#3 {main}
REQUEST_URI=/login/login
---
2016/07/29 15:04:41 [error] [system.db.CDbCommand] CDbCommand::fetch() failed: SQLSTATE[42S02]: Base table or view not found: 1146 Table 'coffee.admin' doesn't exist. The SQL statement executed was: SELECT *
FROM `admin`
WHERE loginname=:loginname.
in E:\zhang\admin\protected\models\Admin.php (42)
in E:\zhang\admin\protected\components\Controller.php (24)
in E:\zhang\admin\protected\components\Controller.php (19)
2016/07/29 15:04:41 [error] [exception.CDbException] exception 'CDbException' with message 'CDbCommand failed to execute the SQL statement: SQLSTATE[42S02]: Base table or view not found: 1146 Table 'coffee.admin' doesn't exist. The SQL statement executed was: SELECT *
FROM `admin`
WHERE loginname=:loginname' in E:\zhang\framework\db\CDbCommand.php:543
Stack trace:
#0 E:\zhang\framework\db\CDbCommand.php(415): CDbCommand->queryInternal('fetch', Array, Array)
#1 E:\zhang\admin\protected\models\Admin.php(42): CDbCommand->queryRow()
#2 E:\zhang\admin\protected\components\Controller.php(24): Admin->get_by_loginname('admin')
#3 E:\zhang\admin\protected\components\Controller.php(19): Controller->load_userinfo()
#4 E:\zhang\framework\web\CWebApplication.php(281): Controller->init()
#5 E:\zhang\framework\web\CWebApplication.php(141): CWebApplication->runController('Index/index')
#6 E:\zhang\framework\base\CApplication.php(185): CWebApplication->processRequest()
#7 E:\zhang\admin\index.php(13): CApplication->run()
#8 {main}
REQUEST_URI=/Index/index
HTTP_REFERER=http://zhangyi.admin.moxi.com/login/login
---
2016/07/29 15:14:08 [error] [system.db.CDbCommand] CDbCommand::fetch() failed: SQLSTATE[42S22]: Column not found: 1054 Unknown column 'loginname' in 'where clause'. The SQL statement executed was: SELECT *
FROM `think_admin`
WHERE loginname=:loginname.
in E:\zhang\admin\protected\models\Admin.php (42)
in E:\zhang\admin\protected\components\Controller.php (24)
in E:\zhang\admin\protected\components\Controller.php (19)
2016/07/29 15:14:08 [error] [exception.CDbException] exception 'CDbException' with message 'CDbCommand failed to execute the SQL statement: SQLSTATE[42S22]: Column not found: 1054 Unknown column 'loginname' in 'where clause'. The SQL statement executed was: SELECT *
FROM `think_admin`
WHERE loginname=:loginname' in E:\zhang\framework\db\CDbCommand.php:543
Stack trace:
#0 E:\zhang\framework\db\CDbCommand.php(415): CDbCommand->queryInternal('fetch', Array, Array)
#1 E:\zhang\admin\protected\models\Admin.php(42): CDbCommand->queryRow()
#2 E:\zhang\admin\protected\components\Controller.php(24): Admin->get_by_loginname('admin')
#3 E:\zhang\admin\protected\components\Controller.php(19): Controller->load_userinfo()
#4 E:\zhang\framework\web\CWebApplication.php(281): Controller->init()
#5 E:\zhang\framework\web\CWebApplication.php(141): CWebApplication->runController('Index/index')
#6 E:\zhang\framework\base\CApplication.php(185): CWebApplication->processRequest()
#7 E:\zhang\admin\index.php(13): CApplication->run()
#8 {main}
REQUEST_URI=/Index/index
HTTP_REFERER=http://zhangyi.admin.moxi.com/login/login
---
2016/07/29 15:14:09 [error] [system.db.CDbCommand] CDbCommand::fetch() failed: SQLSTATE[42S22]: Column not found: 1054 Unknown column 'loginname' in 'where clause'. The SQL statement executed was: SELECT *
FROM `think_admin`
WHERE loginname=:loginname.
in E:\zhang\admin\protected\models\Admin.php (42)
in E:\zhang\admin\protected\components\Controller.php (24)
in E:\zhang\admin\protected\components\Controller.php (19)
2016/07/29 15:14:09 [error] [exception.CDbException] exception 'CDbException' with message 'CDbCommand failed to execute the SQL statement: SQLSTATE[42S22]: Column not found: 1054 Unknown column 'loginname' in 'where clause'. The SQL statement executed was: SELECT *
FROM `think_admin`
WHERE loginname=:loginname' in E:\zhang\framework\db\CDbCommand.php:543
Stack trace:
#0 E:\zhang\framework\db\CDbCommand.php(415): CDbCommand->queryInternal('fetch', Array, Array)
#1 E:\zhang\admin\protected\models\Admin.php(42): CDbCommand->queryRow()
#2 E:\zhang\admin\protected\components\Controller.php(24): Admin->get_by_loginname('admin')
#3 E:\zhang\admin\protected\components\Controller.php(19): Controller->load_userinfo()
#4 E:\zhang\framework\web\CWebApplication.php(281): Controller->init()
#5 E:\zhang\framework\web\CWebApplication.php(141): CWebApplication->runController('Index/index')
#6 E:\zhang\framework\base\CApplication.php(185): CWebApplication->processRequest()
#7 E:\zhang\admin\index.php(13): CApplication->run()
#8 {main}
REQUEST_URI=/Index/index
HTTP_REFERER=http://zhangyi.admin.moxi.com/login/login
---
2016/07/29 15:35:41 [error] [php] Missing argument 1 for CHttpRequest::getParam(), called in E:\zhang\admin\protected\controllers\GoodsController.php on line 18 and defined (E:\zhang\framework\web\CHttpRequest.php:177)
Stack trace:
#0 E:\zhang\framework\web\CController.php(308): CInlineAction->runWithParams()
#1 E:\zhang\framework\web\CController.php(286): GoodsController->runAction()
#2 E:\zhang\framework\web\CController.php(265): GoodsController->runActionWithFilters()
#3 E:\zhang\framework\web\CWebApplication.php(282): GoodsController->run()
#4 E:\zhang\framework\web\CWebApplication.php(141): CWebApplication->runController()
#5 E:\zhang\framework\base\CApplication.php(185): CWebApplication->processRequest()
#6 E:\zhang\admin\index.php(13): CWebApplication->run()
REQUEST_URI=/goods/add
in E:\zhang\admin\protected\controllers\GoodsController.php (18)
in E:\zhang\admin\index.php (13)
2016/07/29 16:08:09 [error] [exception.CHttpException.404] exception 'CHttpException' with message 'Unable to resolve the request "public/datepicker/css/images/ui-bg_flat_75_ffffff_40x100.png".' in E:\zhang\framework\web\CWebApplication.php:286
Stack trace:
#0 E:\zhang\framework\web\CWebApplication.php(141): CWebApplication->runController('public/datepick...')
#1 E:\zhang\framework\base\CApplication.php(185): CWebApplication->processRequest()
#2 E:\zhang\admin\index.php(13): CApplication->run()
#3 {main}
REQUEST_URI=/public/datepicker/css/images/ui-bg_flat_75_ffffff_40x100.png
HTTP_REFERER=http://zhangyi.admin.moxi.com/public/datepicker/css/jquery-ui.css
---
